<?xml version="1.0" encoding="UTF-8"?>
<testsuite xmlns:xsi="http://www.w3.org/2001/XMLSchema-instance" xsi:noNamespaceSchemaLocation="https://maven.apache.org/surefire/maven-surefire-plugin/xsd/surefire-test-report.xsd" version="3.0.2" name="com.biblioteca.autor_service.AutorServiceApplicationTests" time="15.494" tests="1" errors="0" skipped="0" failures="0" flakes="0">
  <properties>
[...]
</properties>
  <testcase name="contextLoads" classname="com.biblioteca.autor_service.AutorServiceApplicationTests" time="0.599">
    <system-out><![CDATA[21:45:17.282 [main] INFO org.springframework.test.context.support.AnnotationConfigContextLoaderUtils -- Could not detect default configuration classes for test class [com.biblioteca.autor_service.AutorServiceApplicationTests]: AutorServiceApplicationTests does not declare any static, non-private, non-final, nested classes annotated with @Configuration.
21:45:17.573 [main] INFO org.springframework.boot.test.context.SpringBootTestContextBootstrapper -- Found @SpringBootConfiguration com.biblioteca.autor_service.AutorServiceApplication for test class com.biblioteca.autor_service.AutorServiceApplicationTests
21:45:17.910 [main] INFO org.springframework.test.context.support.AnnotationConfigContextLoaderUtils -- Could not detect default configuration classes for test class [com.biblioteca.autor_service.AutorServiceApplicationTests]: AutorServiceApplicationTests does not declare any static, non-private, non-final, nested classes annotated with @Configuration.
21:45:17.913 [main] INFO org.springframework.boot.test.context.SpringBootTestContextBootstrapper -- Found @SpringBootConfiguration com.biblioteca.autor_service.AutorServiceApplication for test class com.biblioteca.autor_service.AutorServiceApplicationTests

  .   ____          _            __ _ _
 /\\ / ___'_ __ _ _(_)_ __  __ _ \ \ \ \
( ( )\___ | '_ | '_| | '_ \/ _` | \ \ \ \
 \\/  ___)| |_)| | | | | || (_| |  ) ) ) )
  '  |____| .__|_| |_|_| |_\__, | / / / /
 =========|_|==============|___/=/_/_/_/

 :: Spring Boot ::                (v4.0.6)

2026-06-22T21:45:19.349-04:00  INFO 8232 --- [autor-service] [           main] c.b.a.AutorServiceApplicationTests       : Starting AutorServiceApplicationTests using Java 17.0.19 with PID 8232 (started by 2feli in D:\eva3_fullstack1\biblioteca-microservicios-main\biblioteca-microservicios-main\autor-service\autor-service)
2026-06-22T21:45:19.352-04:00  INFO 8232 --- [autor-service] [           main] c.b.a.AutorServiceApplicationTests       : The following 1 profile is active: "dev"
2026-06-22T21:45:21.667-04:00  INFO 8232 --- [autor-service] [           main] .s.d.r.c.RepositoryConfigurationDelegate : Bootstrapping Spring Data JPA repositories in DEFAULT mode.
2026-06-22T21:45:22.087-04:00  INFO 8232 --- [autor-service] [           main] .s.d.r.c.RepositoryConfigurationDelegate : Finished Spring Data repository scanning in 395 ms. Found 1 JPA repository interface.
2026-06-22T21:45:23.571-04:00  INFO 8232 --- [autor-service] [           main] com.zaxxer.hikari.HikariDataSource       : HikariPool-1 - Starting...
2026-06-22T21:45:24.320-04:00  INFO 8232 --- [autor-service] [           main] com.zaxxer.hikari.pool.HikariPool        : HikariPool-1 - Added connection com.mysql.cj.jdbc.ConnectionImpl@d367d7d
2026-06-22T21:45:24.324-04:00  INFO 8232 --- [autor-service] [           main] com.zaxxer.hikari.HikariDataSource       : HikariPool-1 - Start completed.
2026-06-22T21:45:24.447-04:00  INFO 8232 --- [autor-service] [           main] org.flywaydb.core.FlywayExecutor         : Database: jdbc:mysql://localhost:3306/autor_db (MySQL 8.4)
2026-06-22T21:45:24.491-04:00  WARN 8232 --- [autor-service] [           main] o.f.c.internal.database.base.Database    : Using MySQL 8.4 which is newer than the version Flyway has been verified with. The latest verified version of MySQL is 8.1.
2026-06-22T21:45:24.597-04:00  INFO 8232 --- [autor-service] [           main] o.f.core.internal.command.DbValidate     : Successfully validated 1 migration (execution time 00:00.069s)
2026-06-22T21:45:24.640-04:00  INFO 8232 --- [autor-service] [           main] o.f.core.internal.command.DbMigrate      : Current version of schema `autor_db`: 1
2026-06-22T21:45:24.651-04:00  INFO 8232 --- [autor-service] [           main] o.f.core.internal.command.DbMigrate      : Schema `autor_db` is up to date. No migration necessary.
2026-06-22T21:45:24.939-04:00  INFO 8232 --- [autor-service] [           main] org.hibernate.orm.jpa                    : HHH008540: Processing PersistenceUnitInfo [name: default]
2026-06-22T21:45:25.114-04:00  INFO 8232 --- [autor-service] [           main] org.hibernate.orm.core                   : HHH000001: Hibernate ORM core version 7.2.12.Final
2026-06-22T21:45:26.344-04:00  INFO 8232 --- [autor-service] [           main] o.s.o.j.p.SpringPersistenceUnitInfo      : No LoadTimeWeaver setup: ignoring JPA class transformer
2026-06-22T21:45:26.529-04:00  WARN 8232 --- [autor-service] [           main] org.hibernate.orm.deprecation            : HHH90000025: MySQLDialect does not need to be specified explicitly using 'hibernate.dialect' (remove the property setting and it will be selected by default)
2026-06-22T21:45:26.575-04:00  INFO 8232 --- [autor-service] [           main] org.hibernate.orm.connections.pooling    : HHH10001005: Database info:
	Database JDBC URL [jdbc:mysql://localhost:3306/autor_db]
	Database driver: MySQL Connector/J
	Database dialect: MySQLDialect
	Database version: 8.4.3
	Default catalog/schema: autor_db/undefined
	Autocommit mode: undefined/unknown
	Isolation level: REPEATABLE_READ [default REPEATABLE_READ]
	JDBC fetch size: none
	Pool: DataSourceConnectionProvider
	Minimum pool size: undefined/unknown
	Maximum pool size: undefined/unknown
2026-06-22T21:45:28.912-04:00  INFO 8232 --- [autor-service] [           main] org.hibernate.orm.core                   : HHH000489: No JTA platform available (set 'hibernate.transaction.jta.platform' to enable JTA platform integration)
2026-06-22T21:45:29.042-04:00  INFO 8232 --- [autor-service] [           main] j.LocalContainerEntityManagerFactoryBean : Initialized JPA EntityManagerFactory for persistence unit 'default'
2026-06-22T21:45:29.714-04:00  INFO 8232 --- [autor-service] [           main] o.s.d.j.r.query.QueryEnhancerFactories   : Hibernate is in classpath; If applicable, HQL parser will be used.
2026-06-22T21:45:30.355-04:00  WARN 8232 --- [autor-service] [           main] JpaBaseConfiguration$JpaWebConfiguration : spring.jpa.open-in-view is enabled by default. Therefore, database queries may be performed during view rendering. Explicitly configure spring.jpa.open-in-view to disable this warning
2026-06-22T21:45:31.670-04:00  INFO 8232 --- [autor-service] [           main] c.b.a.AutorServiceApplicationTests       : Started AutorServiceApplicationTests in 13.484 seconds (process running for 16.588)
]]></system-out>
  </testcase>
</testsuite>