GROUP,PACKAGE,CLASS,INSTRUCTION_MISSED,INSTRUCTION_COVERED,BRANCH_MISSED,BRANCH_COVERED,LINE_MISSED,LINE_COVERED,COMPLEXITY_MISSED,COMPLEXITY_COVERED,METHOD_MISSED,METHOD_COVERED
,com.biblioteca.reserva_service.controller,ReservaController,57,7,0,0,13,2,5,2,5,2
,com.biblioteca.reserva_service.service,ReservaService,0,146,0,2,0,34,0,11,0,10
,com.biblioteca.reserva_service,ReservaServiceApplication,5,3,0,0,2,1,1,1,1,1
,com.biblioteca.reserva_service.exception,GlobalExceptionHandler,5,3,0,0,1,1,1,1,1,1
