<?xml version="1.0" encoding="UTF-8"?>
<testsuite xmlns:xsi="http://www.w3.org/2001/XMLSchema-instance" xsi:noNamespaceSchemaLocation="https://maven.apache.org/surefire/maven-surefire-plugin/xsd/surefire-test-report.xsd" version="3.0.2" name="com.biblioteca.reserva_service.ReservaServiceApplicationTests" time="7.544" tests="1" errors="0" skipped="0" failures="0" flakes="0">
  <properties>
[...]
</properties>
  <testcase name="contextLoads" classname="com.biblioteca.reserva_service.ReservaServiceApplicationTests" time="0.341">
    <system-out><![CDATA[23:50:00.665 [main] INFO org.springframework.test.context.support.AnnotationConfigContextLoaderUtils -- Could not detect default configuration classes for test class [com.biblioteca.reserva_service.ReservaServiceApplicationTests]: ReservaServiceApplicationTests does not declare any static, non-private, non-final, nested classes annotated with @Configuration.
23:50:00.855 [main] INFO org.springframework.boot.test.context.SpringBootTestContextBootstrapper -- Found @SpringBootConfiguration com.biblioteca.reserva_service.ReservaServiceApplication for test class com.biblioteca.reserva_service.ReservaServiceApplicationTests
23:50:01.058 [main] INFO org.springframework.test.context.support.AnnotationConfigContextLoaderUtils -- Could not detect default configuration classes for test class [com.biblioteca.reserva_service.ReservaServiceApplicationTests]: ReservaServiceApplicationTests does not declare any static, non-private, non-final, nested classes annotated with @Configuration.
23:50:01.061 [main] INFO org.springframework.boot.test.context.SpringBootTestContextBootstrapper -- Found @SpringBootConfiguration com.biblioteca.reserva_service.ReservaServiceApplication for test class com.biblioteca.reserva_service.ReservaServiceApplicationTests

  .   ____          _            __ _ _
 /\\ / ___'_ __ _ _(_)_ __  __ _ \ \ \ \
( ( )\___ | '_ | '_| | '_ \/ _` | \ \ \ \
 \\/  ___)| |_)| | | | | || (_| |  ) ) ) )
  '  |____| .__|_| |_|_| |_\__, | / / / /
 =========|_|==============|___/=/_/_/_/

 :: Spring Boot ::                (v4.0.6)

2026-06-22T23:50:01.734-04:00  INFO 19800 --- [reporte-service] [           main] c.b.r.ReservaServiceApplicationTests     : Starting ReservaServiceApplicationTests using Java 17.0.19 with PID 19800 (started by 2feli in D:\eva3_fullstack1\biblioteca-microservicios-main\biblioteca-microservicios-main\reserva-service\reserva-service)
2026-06-22T23:50:01.736-04:00  INFO 19800 --- [reporte-service] [           main] c.b.r.ReservaServiceApplicationTests     : The following 1 profile is active: "dev"
2026-06-22T23:50:02.866-04:00  INFO 19800 --- [reporte-service] [           main] .s.d.r.c.RepositoryConfigurationDelegate : Bootstrapping Spring Data JPA repositories in DEFAULT mode.
2026-06-22T23:50:02.944-04:00  INFO 19800 --- [reporte-service] [           main] .s.d.r.c.RepositoryConfigurationDelegate : Finished Spring Data repository scanning in 63 ms. Found 1 JPA repository interface.
2026-06-22T23:50:03.444-04:00  INFO 19800 --- [reporte-service] [           main] org.hibernate.orm.jpa                    : HHH008540: Processing PersistenceUnitInfo [name: default]
2026-06-22T23:50:03.529-04:00  INFO 19800 --- [reporte-service] [           main] org.hibernate.orm.core                   : HHH000001: Hibernate ORM core version 7.2.12.Final
2026-06-22T23:50:04.294-04:00  INFO 19800 --- [reporte-service] [           main] o.s.o.j.p.SpringPersistenceUnitInfo      : No LoadTimeWeaver setup: ignoring JPA class transformer
2026-06-22T23:50:04.353-04:00  INFO 19800 --- [reporte-service] [           main] com.zaxxer.hikari.HikariDataSource       : HikariPool-1 - Starting...
2026-06-22T23:50:04.818-04:00  INFO 19800 --- [reporte-service] [           main] com.zaxxer.hikari.pool.HikariPool        : HikariPool-1 - Added connection com.mysql.cj.jdbc.ConnectionImpl@301f6e51
2026-06-22T23:50:04.821-04:00  INFO 19800 --- [reporte-service] [           main] com.zaxxer.hikari.HikariDataSource       : HikariPool-1 - Start completed.
2026-06-22T23:50:04.898-04:00  WARN 19800 --- [reporte-service] [           main] org.hibernate.orm.deprecation            : HHH90000025: MySQLDialect does not need to be specified explicitly using 'hibernate.dialect' (remove the property setting and it will be selected by default)
2026-06-22T23:50:04.926-04:00  INFO 19800 --- [reporte-service] [           main] org.hibernate.orm.connections.pooling    : HHH10001005: Database info:
	Database JDBC URL [jdbc:mysql://localhost:3306/reserva_db]
	Database driver: MySQL Connector/J
	Database dialect: MySQLDialect
	Database version: 8.4.3
	Default catalog/schema: reserva_db/undefined
	Autocommit mode: undefined/unknown
	Isolation level: REPEATABLE_READ [default REPEATABLE_READ]
	JDBC fetch size: none
	Pool: DataSourceConnectionProvider
	Minimum pool size: undefined/unknown
	Maximum pool size: undefined/unknown
2026-06-22T23:50:06.299-04:00  INFO 19800 --- [reporte-service] [           main] org.hibernate.orm.core                   : HHH000489: No JTA platform available (set 'hibernate.transaction.jta.platform' to enable JTA platform integration)
2026-06-22T23:50:06.376-04:00  INFO 19800 --- [reporte-service] [           main] j.LocalContainerEntityManagerFactoryBean : Initialized JPA EntityManagerFactory for persistence unit 'default'
2026-06-22T23:50:06.466-04:00  INFO 19800 --- [reporte-service] [           main] o.s.d.j.r.query.QueryEnhancerFactories   : Hibernate is in classpath; If applicable, HQL parser will be used.
2026-06-22T23:50:06.823-04:00  WARN 19800 --- [reporte-service] [           main] JpaBaseConfiguration$JpaWebConfiguration : spring.jpa.open-in-view is enabled by default. Therefore, database queries may be performed during view rendering. Explicitly configure spring.jpa.open-in-view to disable this warning
2026-06-22T23:50:07.463-04:00  INFO 19800 --- [reporte-service] [           main] c.b.r.ReservaServiceApplicationTests     : Started ReservaServiceApplicationTests in 6.279 seconds (process running for 8.203)
]]></system-out>
  </testcase>
</testsuite>