GROUP,PACKAGE,CLASS,INSTRUCTION_MISSED,INSTRUCTION_COVERED,BRANCH_MISSED,BRANCH_COVERED,LINE_MISSED,LINE_COVERED,COMPLEXITY_MISSED,COMPLEXITY_COVERED,METHOD_MISSED,METHOD_COVERED
,com.biblioteca.autenticacion_service.service,AutenticacionService,0,64,0,0,0,14,0,8,0,8
,com.biblioteca.autenticacion_service,AutenticacionServiceApplication,5,3,0,0,2,1,1,1,1,1
,com.biblioteca.autenticacion_service.Mapper,AutenticacionMapper,23,3,0,0,8,1,2,1,2,1
,com.biblioteca.autenticacion_service.client,UsuarioClient,50,7,2,0,14,2,2,2,1,2
,com.biblioteca.autenticacion_service.client,WebClientConfig,0,9,0,0,0,4,0,2,0,2
,com.biblioteca.autenticacion_service.controller,AutenticacionController,37,7,0,0,7,2,5,2,5,2
,com.biblioteca.autenticacion_service.exception,GlobalExceptionHandler,130,7,0,0,41,2,6,2,6,2
